1596010245022	mozrunner::runner	INFO	Running command: "C:\\Program Files\\Mozilla Firefox\\firefox.exe" "-marionette" "-foreground" "-no-remote" "-profile" "C:\\Users\\larsv\\AppData\\Local\\Temp\\rust_mozprofileceCp1L"
JavaScript error: resource://gre/modules/XULStore.jsm, line 66: Error: Can't find profile directory.
1596010247130	Marionette	INFO	Listening on port 53670
1596010247175	Marionette	WARN	TLS certificate errors will be ignored for this session
1596010250280	Marionette	INFO	Stopped listening on port 53670
IPDL protocol error: Handler returned error code!

###!!! [Parent][DispatchAsyncMessage] Error: PLayerTransaction::Msg_ReleaseLayer Processing error: message was deserialized, but the handler returned false (indicating failure)

IPDL protocol error: Handler returned error code!

###!!! [Parent][DispatchAsyncMessage] Error: PLayerTransaction::Msg_ReleaseLayer Processing error: message was deserialized, but the handler returned false (indicating failure)

IPDL protocol error: Handler returned error code!

###!!! [Parent][DispatchAsyncMessage] Error: PLayerTransaction::Msg_ReleaseLayer Processing error: message was deserialized, but the handler returned false (indicating failure)

IPDL protocol error: Handler returned error code!

###!!! [Parent][DispatchAsyncMessage] Error: PLayerTransaction::Msg_ReleaseLayer Processing error: message was deserialized, but the handler returned false (indicating failure)

IPDL protocol error: Handler returned error code!

###!!! [Parent][DispatchAsyncMessage] Error: PLayerTransaction::Msg_ReleaseLayer Processing error: message was deserialized, but the handler returned false (indicating failure)

IPDL protocol error: Handler returned error code!

###!!! [Parent][DispatchAsyncMessage] Error: PLayerTransaction::Msg_ReleaseLayer Processing error: message was deserialized, but the handler returned false (indicating failure)

IPDL protocol error: Handler returned error code!

###!!! [Parent][DispatchAsyncMessage] Error: PLayerTransaction::Msg_ReleaseLayer Processing error: message was deserialized, but the handler returned false (indicating failure)

IPDL protocol error: Handler returned error code!

###!!! [Parent][DispatchAsyncMessage] Error: PLayerTransaction::Msg_ReleaseLayer Processing error: message was deserialized, but the handler returned false (indicating failure)

IPDL protocol error: Handler returned error code!

###!!! [Parent][DispatchAsyncMessage] Error: PLayerTransaction::Msg_ReleaseLayer Processing error: message was deserialized, but the handler returned false (indicating failure)

IPDL protocol error: Handler returned error code!

###!!! [Parent][DispatchAsyncMessage] Error: PLayerTransaction::Msg_ReleaseLayer Processing error: message was deserialized, but the handler returned false (indicating failure)

IPDL protocol error: Handler returned error code!

###!!! [Parent][DispatchAsyncMessage] Error: PLayerTransaction::Msg_ReleaseLayer Processing error: message was deserialized, but the handler returned false (indicating failure)

IPDL protocol error: Handler returned error code!

###!!! [Parent][DispatchAsyncMessage] Error: PLayerTransaction::Msg_ReleaseLayer Processing error: message was deserialized, but the handler returned false (indicating failure)

IPDL protocol error: Handler returned error code!

###!!! [Parent][DispatchAsyncMessage] Error: PLayerTransaction::Msg_ReleaseLayer Processing error: message was deserialized, but the handler returned false (indicating failure)

IPDL protocol error: Handler returned error code!

###!!! [Parent][DispatchAsyncMessage] Error: PLayerTransaction::Msg_ReleaseLayer Processing error: message was deserialized, but the handler returned false (indicating failure)

IPDL protocol error: Handler returned error code!

###!!! [Parent][DispatchAsyncMessage] Error: PLayerTransaction::Msg_ReleaseLayer Processing error: message was deserialized, but the handler returned false (indicating failure)

IPDL protocol error: Handler returned error code!

###!!! [Parent][DispatchAsyncMessage] Error: PLayerTransaction::Msg_ReleaseLayer Processing error: message was deserialized, but the handler returned false (indicating failure)


###!!! [Child][RunMessage] Error: Channel closing: too late to send/recv, messages will be lost


###!!! [Child][MessageChannel::SendAndWait] Error: Channel error: cannot send/recv

1596010881251	mozrunner::runner	INFO	Running command: "C:\\Program Files\\Mozilla Firefox\\firefox.exe" "-marionette" "-foreground" "-no-remote" "-profile" "C:\\Users\\larsv\\AppData\\Local\\Temp\\rust_mozprofileec87AC"
JavaScript error: resource://gre/modules/XULStore.jsm, line 66: Error: Can't find profile directory.
1596010882395	Marionette	INFO	Listening on port 54733
1596010882784	Marionette	WARN	TLS certificate errors will be ignored for this session
1596010885594	Marionette	INFO	Stopped listening on port 54733

###!!! [Child][MessageChannel::SendAndWait] Error: Channel error: cannot send/recv

1596011810754	mozrunner::runner	INFO	Running command: "C:\\Program Files\\Mozilla Firefox\\firefox.exe" "-marionette" "-foreground" "-no-remote" "-profile" "C:\\Users\\larsv\\AppData\\Local\\Temp\\rust_mozprofileMyqluW"
JavaScript error: resource://gre/modules/XULStore.jsm, line 66: Error: Can't find profile directory.
1596011811880	Marionette	INFO	Listening on port 56166
1596011812278	Marionette	WARN	TLS certificate errors will be ignored for this session
1596011819737	Marionette	INFO	Stopped listening on port 56166

###!!! [Child][RunMessage] Error: Channel closing: too late to send/recv, messages will be lost


###!!! [Child][MessageChannel::SendAndWait] Error: Channel error: cannot send/recv

1596012083557	mozrunner::runner	INFO	Running command: "C:\\Program Files\\Mozilla Firefox\\firefox.exe" "-marionette" "-foreground" "-no-remote" "-profile" "C:\\Users\\larsv\\AppData\\Local\\Temp\\rust_mozprofile3Bh7U3"
JavaScript error: resource://gre/modules/XULStore.jsm, line 66: Error: Can't find profile directory.
1596012084650	Marionette	INFO	Listening on port 56812
1596012085103	Marionette	WARN	TLS certificate errors will be ignored for this session
1596012089348	Marionette	INFO	Stopped listening on port 56812

###!!! [Child][RunMessage] Error: Channel closing: too late to send/recv, messages will be lost


###!!! [Child][MessageChannel::SendAndWait] Error: Channel error: cannot send/recv

1596012133498	mozrunner::runner	INFO	Running command: "C:\\Program Files\\Mozilla Firefox\\firefox.exe" "-marionette" "-foreground" "-no-remote" "-profile" "C:\\Users\\larsv\\AppData\\Local\\Temp\\rust_mozprofilekTIOcR"
JavaScript error: resource://gre/modules/XULStore.jsm, line 66: Error: Can't find profile directory.
1596012134621	Marionette	INFO	Listening on port 56974
1596012135038	Marionette	WARN	TLS certificate errors will be ignored for this session
1596012140490	Marionette	INFO	Stopped listening on port 56974
IPDL protocol error: Handler returned error code!

###!!! [Parent][DispatchAsyncMessage] Error: PLayerTransaction::Msg_ReleaseLayer Processing error: message was deserialized, but the handler returned false (indicating failure)


###!!! [Child][MessageChannel::SendAndWait] Error: Channel error: cannot send/recv

1596012229175	mozrunner::runner	INFO	Running command: "C:\\Program Files\\Mozilla Firefox\\firefox.exe" "-marionette" "-foreground" "-no-remote" "-profile" "C:\\Users\\larsv\\AppData\\Local\\Temp\\rust_mozprofile9hTjjp"
JavaScript error: resource://gre/modules/XULStore.jsm, line 66: Error: Can't find profile directory.
1596012230327	Marionette	INFO	Listening on port 57203
1596012230711	Marionette	WARN	TLS certificate errors will be ignored for this session
1596012233584	Marionette	INFO	Stopped listening on port 57203

###!!! [Child][RunMessage] Error: Channel closing: too late to send/recv, messages will be lost


###!!! [Child][MessageChannel::SendAndWait] Error: Channel error: cannot send/recv

1596013213322	geckodriver	INFO	Listening on 127.0.0.1:57777
1596013216411	mozrunner::runner	INFO	Running command: "C:\\Program Files\\Mozilla Firefox\\firefox.exe" "--marionette" "-foreground" "-no-remote" "-profile" "C:\\Users\\larsv\\AppData\\Local\\Temp\\rust_mozprofileXQyasc"
JavaScript error: resource://gre/modules/XULStore.jsm, line 66: Error: Can't find profile directory.
1596013217501	Marionette	INFO	Listening on port 57789
1596013217940	Marionette	WARN	TLS certificate errors will be ignored for this session
1596013221043	Marionette	INFO	Stopped listening on port 57789

###!!! [Child][MessageChannel::SendAndWait] Error: Channel error: cannot send/recv

1596013278115	geckodriver	INFO	Listening on 127.0.0.1:57953
1596013281214	mozrunner::runner	INFO	Running command: "C:\\Program Files\\Mozilla Firefox\\firefox.exe" "--marionette" "-foreground" "-no-remote" "-profile" "C:\\Users\\larsv\\AppData\\Local\\Temp\\rust_mozprofileY8XUmA"
JavaScript error: resource://gre/modules/XULStore.jsm, line 66: Error: Can't find profile directory.
1596013282262	Marionette	INFO	Listening on port 57966
1596013282738	Marionette	WARN	TLS certificate errors will be ignored for this session
1596013285744	Marionette	INFO	Stopped listening on port 57966
IPDL protocol error: Handler returned error code!

###!!! [Parent][DispatchAsyncMessage] Error: PLayerTransaction::Msg_ReleaseLayer Processing error: message was deserialized, but the handler returned false (indicating failure)


###!!! [Child][RunMessage] Error: Channel closing: too late to send/recv, messages will be lost


###!!! [Child][MessageChannel::SendAndWait] Error: Channel error: cannot send/recv

1596013350904	geckodriver	INFO	Listening on 127.0.0.1:58146
1596013353983	mozrunner::runner	INFO	Running command: "C:\\Program Files\\Mozilla Firefox\\firefox.exe" "--marionette" "-foreground" "-no-remote" "-profile" "C:\\Users\\larsv\\AppData\\Local\\Temp\\rust_mozprofiledezPwF"
JavaScript error: resource://gre/modules/XULStore.jsm, line 66: Error: Can't find profile directory.
1596013355197	Marionette	INFO	Listening on port 58159
1596013355518	Marionette	WARN	TLS certificate errors will be ignored for this session
1596013358190	Marionette	INFO	Stopped listening on port 58159

###!!! [Child][MessageChannel::SendAndWait] Error: Channel error: cannot send/recv

1596013390943	geckodriver	INFO	Listening on 127.0.0.1:58279
1596013394028	mozrunner::runner	INFO	Running command: "C:\\Program Files\\Mozilla Firefox\\firefox.exe" "--marionette" "-foreground" "-no-remote" "-profile" "C:\\Users\\larsv\\AppData\\Local\\Temp\\rust_mozprofile7JJEvv"
JavaScript error: resource://gre/modules/XULStore.jsm, line 66: Error: Can't find profile directory.
1596013395092	Marionette	INFO	Listening on port 58290
1596013395566	Marionette	WARN	TLS certificate errors will be ignored for this session
1596013398886	Marionette	INFO	Stopped listening on port 58290
IPDL protocol error: Handler returned error code!

###!!! [Parent][DispatchAsyncMessage] Error: PLayerTransaction::Msg_ReleaseLayer Processing error: message was deserialized, but the handler returned false (indicating failure)

IPDL protocol error: Handler returned error code!

###!!! [Parent][DispatchAsyncMessage] Error: PLayerTransaction::Msg_ReleaseLayer Processing error: message was deserialized, but the handler returned false (indicating failure)


###!!! [Child][MessageChannel::SendAndWait] Error: Channel error: cannot send/recv

1596013437327	geckodriver	INFO	Listening on 127.0.0.1:58386
1596013440412	mozrunner::runner	INFO	Running command: "C:\\Program Files\\Mozilla Firefox\\firefox.exe" "--marionette" "-foreground" "-no-remote" "-profile" "C:\\Users\\larsv\\AppData\\Local\\Temp\\rust_mozprofiledxLCuq"
JavaScript error: resource://gre/modules/XULStore.jsm, line 66: Error: Can't find profile directory.
1596013441474	Marionette	INFO	Listening on port 58398
1596013441932	Marionette	WARN	TLS certificate errors will be ignored for this session
1596013445682	Marionette	INFO	Stopped listening on port 58398

###!!! [Child][MessageChannel::SendAndWait] Error: Channel error: cannot send/recv

1596013607321	geckodriver	INFO	Listening on 127.0.0.1:58873
1596013610391	mozrunner::runner	INFO	Running command: "C:\\Program Files\\Mozilla Firefox\\firefox.exe" "--marionette" "-foreground" "-no-remote" "-profile" "C:\\Users\\larsv\\AppData\\Local\\Temp\\rust_mozprofileCU9lJT"
JavaScript error: resource://gre/modules/XULStore.jsm, line 66: Error: Can't find profile directory.
1596013611467	Marionette	INFO	Listening on port 58888
1596013611921	Marionette	WARN	TLS certificate errors will be ignored for this session
1596013614877	Marionette	INFO	Stopped listening on port 58888

###!!! [Child][MessageChannel::SendAndWait] Error: Channel error: cannot send/recv

1596052196782	geckodriver	INFO	Listening on 127.0.0.1:51489
1596052199836	mozrunner::runner	INFO	Running command: "C:\\Program Files\\Mozilla Firefox\\firefox.exe" "--marionette" "-foreground" "-no-remote" "-profile" "C:\\Users\\larsv\\AppData\\Local\\Temp\\rust_mozprofileOW31ZV"
JavaScript error: resource://gre/modules/XULStore.jsm, line 66: Error: Can't find profile directory.
1596052201398	Marionette	INFO	Listening on port 51504
1596052201865	Marionette	WARN	TLS certificate errors will be ignored for this session
1596052206075	Marionette	INFO	Stopped listening on port 51504
IPDL protocol error: Handler returned error code!

###!!! [Parent][DispatchAsyncMessage] Error: PLayerTransaction::Msg_ReleaseLayer Processing error: message was deserialized, but the handler returned false (indicating failure)


###!!! [Child][RunMessage] Error: Channel closing: too late to send/recv, messages will be lost


###!!! [Child][MessageChannel::SendAndWait] Error: Channel error: cannot send/recv

1596052367816	geckodriver	INFO	Listening on 127.0.0.1:51910
1596052370853	mozrunner::runner	INFO	Running command: "C:\\Program Files\\Mozilla Firefox\\firefox.exe" "--marionette" "-foreground" "-no-remote" "-profile" "C:\\Users\\larsv\\AppData\\Local\\Temp\\rust_mozprofileU5tb5M"
JavaScript error: resource://gre/modules/XULStore.jsm, line 66: Error: Can't find profile directory.
1596052372373	Marionette	INFO	Listening on port 51929
1596052372874	Marionette	WARN	TLS certificate errors will be ignored for this session
1596052377829	Marionette	INFO	Stopped listening on port 51929
IPDL protocol error: Handler returned error code!

###!!! [Parent][DispatchAsyncMessage] Error: PLayerTransaction::Msg_ReleaseLayer Processing error: message was deserialized, but the handler returned false (indicating failure)


###!!! [Child][RunMessage] Error: Channel closing: too late to send/recv, messages will be lost


###!!! [Child][MessageChannel::SendAndWait] Error: Channel error: cannot send/recv

1596052526717	geckodriver	INFO	Listening on 127.0.0.1:52355
1596052529753	mozrunner::runner	INFO	Running command: "C:\\Program Files\\Mozilla Firefox\\firefox.exe" "--marionette" "-foreground" "-no-remote" "-profile" "C:\\Users\\larsv\\AppData\\Local\\Temp\\rust_mozprofilenm7rIR"
JavaScript error: resource://gre/modules/XULStore.jsm, line 66: Error: Can't find profile directory.
1596052531481	Marionette	INFO	Listening on port 52374
1596052531791	Marionette	WARN	TLS certificate errors will be ignored for this session
1596052535941	Marionette	INFO	Stopped listening on port 52374

###!!! [Child][MessageChannel::SendAndWait] Error: Channel error: cannot send/recv

1596054996916	geckodriver	INFO	Listening on 127.0.0.1:56491
1596054999953	mozrunner::runner	INFO	Running command: "C:\\Program Files\\Mozilla Firefox\\firefox.exe" "--marionette" "-foreground" "-no-remote" "-profile" "C:\\Users\\larsv\\AppData\\Local\\Temp\\rust_mozprofilecX4dVe"
JavaScript error: resource://gre/modules/XULStore.jsm, line 66: Error: Can't find profile directory.
1596055001780	Marionette	INFO	Listening on port 56503
1596055001986	Marionette	WARN	TLS certificate errors will be ignored for this session
1596055008656	Marionette	INFO	Stopped listening on port 56503
IPDL protocol error: Handler returned error code!

###!!! [Parent][DispatchAsyncMessage] Error: PLayerTransaction::Msg_ReleaseLayer Processing error: message was deserialized, but the handler returned false (indicating failure)


###!!! [Child][RunMessage] Error: Channel closing: too late to send/recv, messages will be lost


###!!! [Child][MessageChannel::SendAndWait] Error: Channel error: cannot send/recv

1596055341361	geckodriver	INFO	Listening on 127.0.0.1:56646
1596055344397	mozrunner::runner	INFO	Running command: "C:\\Program Files\\Mozilla Firefox\\firefox.exe" "--marionette" "-foreground" "-no-remote" "-profile" "C:\\Users\\larsv\\AppData\\Local\\Temp\\rust_mozprofilefRaOav"
JavaScript error: resource://gre/modules/XULStore.jsm, line 66: Error: Can't find profile directory.
1596055345961	Marionette	INFO	Listening on port 56659
1596055346424	Marionette	WARN	TLS certificate errors will be ignored for this session
1596055350383	Marionette	INFO	Stopped listening on port 56659

###!!! [Child][RunMessage] Error: Channel closing: too late to send/recv, messages will be lost


###!!! [Child][MessageChannel::SendAndWait] Error: Channel error: cannot send/recv

1596055380500	geckodriver	INFO	Listening on 127.0.0.1:56726
1596055383542	mozrunner::runner	INFO	Running command: "C:\\Program Files\\Mozilla Firefox\\firefox.exe" "--marionette" "-foreground" "-no-remote" "-profile" "C:\\Users\\larsv\\AppData\\Local\\Temp\\rust_mozprofileUz1Epp"
JavaScript error: resource://gre/modules/XULStore.jsm, line 66: Error: Can't find profile directory.
1596055385251	Marionette	INFO	Listening on port 56739
1596055385594	Marionette	WARN	TLS certificate errors will be ignored for this session
1596055389167	Marionette	INFO	Stopped listening on port 56739

###!!! [Child][RunMessage] Error: Channel closing: too late to send/recv, messages will be lost


###!!! [Child][MessageChannel::SendAndWait] Error: Channel error: cannot send/recv

